# JRE version: OpenJDK Runtime Environment (8.0_242-b01) (build 1.8.0_242-release-1644-b01)
# Java VM: OpenJDK 64-Bit Server VM (25.242-b01 mixed mode windows-amd64 compressed oops)
Heap:
 PSYoungGen      total 550400K, used 147818K [0x00000000d5580000, 0x00000000f8f00000, 0x0000000100000000)
  eden space 517632K, 24% used [0x00000000d5580000,0x00000000dd3c5890,0x00000000f4f00000)
  from space 32768K, 56% used [0x00000000f4f00000,0x00000000f6114fe0,0x00000000f6f00000)
  to   space 31744K, 0% used [0x00000000f7000000,0x00000000f7000000,0x00000000f8f00000)
 ParOldGen       total 196608K, used 92054K [0x0000000080000000, 0x000000008c000000, 0x00000000d5580000)
  object space 196608K, 46% used [0x0000000080000000,0x00000000859e5808,0x000000008c000000)
 Metaspace       used 117363K, capacity 124428K, committed 124568K, reserved 1157120K
  class space    used 15073K, capacity 16449K, committed 16560K, reserved 1048576K
GC Heap History (10 events):
Event: 2881.364 GC heap before
{Heap before GC invocations=27 (full 4):
 PSYoungGen      total 421376K, used 392416K [0x00000000d5580000, 0x00000000f1480000, 0x0000000100000000)
  eden space 388096K, 100% used [0x00000000d5580000,0x00000000ed080000,0x00000000ed080000)
  from space 33280K, 12% used [0x00000000ef400000,0x00000000ef838010,0x00000000f1480000)
  to   space 34816K, 0% used [0x00000000ed080000,0x00000000ed080000,0x00000000ef280000)
 ParOldGen       total 196608K, used 83451K [0x0000000080000000, 0x000000008c000000, 0x00000000d5580000)
  object space 196608K, 42% used [0x0000000080000000,0x000000008517efe8,0x000000008c000000)
 Metaspace       used 104560K, capacity 109936K, committed 110232K, reserved 1144832K
  class space    used 13473K, capacity 14502K, committed 14512K, reserved 1048576K
Event: 2881.392 GC heap after
Heap after GC invocations=27 (full 4):
 PSYoungGen      total 422912K, used 12512K [0x00000000d5580000, 0x00000000f5f00000, 0x0000000100000000)
  eden space 388096K, 0% used [0x00000000d5580000,0x00000000d5580000,0x00000000ed080000)
  from space 34816K, 35% used [0x00000000ed080000,0x00000000edcb83a0,0x00000000ef280000)
  to   space 32768K, 0% used [0x00000000f3f00000,0x00000000f3f00000,0x00000000f5f00000)
 ParOldGen       total 196608K, used 86064K [0x0000000080000000, 0x000000008c000000, 0x00000000d5580000)
  object space 196608K, 43% used [0x0000000080000000,0x000000008540c3b8,0x000000008c000000)
 Metaspace       used 104560K, capacity 109936K, committed 110232K, reserved 1144832K
  class space    used 13473K, capacity 14502K, committed 14512K, reserved 1048576K
}
Event: 2901.889 GC heap before
{Heap before GC invocations=28 (full 4):
 PSYoungGen      total 422912K, used 400608K [0x00000000d5580000, 0x00000000f5f00000, 0x0000000100000000)
  eden space 388096K, 100% used [0x00000000d5580000,0x00000000ed080000,0x00000000ed080000)
  from space 34816K, 35% used [0x00000000ed080000,0x00000000edcb83a0,0x00000000ef280000)
  to   space 32768K, 0% used [0x00000000f3f00000,0x00000000f3f00000,0x00000000f5f00000)
 ParOldGen       total 196608K, used 86064K [0x0000000080000000, 0x000000008c000000, 0x00000000d5580000)
  object space 196608K, 43% used [0x0000000080000000,0x000000008540c3b8,0x000000008c000000)
 Metaspace       used 106139K, capacity 111834K, committed 112024K, reserved 1146880K
  class space    used 13635K, capacity 14741K, committed 14768K, reserved 1048576K
Event: 2901.918 GC heap after
Heap after GC invocations=28 (full 4):
 PSYoungGen      total 477696K, used 9598K [0x00000000d5580000, 0x00000000f5200000, 0x0000000100000000)
  eden space 458240K, 0% used [0x00000000d5580000,0x00000000d5580000,0x00000000f1500000)
  from space 19456K, 49% used [0x00000000f3f00000,0x00000000f485fac8,0x00000000f5200000)
  to   space 31232K, 0% used [0x00000000f1500000,0x00000000f1500000,0x00000000f3380000)
 ParOldGen       total 196608K, used 92030K [0x0000000080000000, 0x000000008c000000, 0x00000000d5580000)
  object space 196608K, 46% used [0x0000000080000000,0x00000000859df808,0x000000008c000000)
 Metaspace       used 106139K, capacity 111834K, committed 112024K, reserved 1146880K
  class space    used 13635K, capacity 14741K, committed 14768K, reserved 1048576K
}
Event: 2905.172 GC heap before
{Heap before GC invocations=29 (full 4):
 PSYoungGen      total 477696K, used 467838K [0x00000000d5580000, 0x00000000f5200000, 0x0000000100000000)
  eden space 458240K, 100% used [0x00000000d5580000,0x00000000f1500000,0x00000000f1500000)
  from space 19456K, 49% used [0x00000000f3f00000,0x00000000f485fac8,0x00000000f5200000)
  to   space 31232K, 0% used [0x00000000f1500000,0x00000000f1500000,0x00000000f3380000)
 ParOldGen       total 196608K, used 92030K [0x0000000080000000, 0x000000008c000000, 0x00000000d5580000)
  object space 196608K, 46% used [0x0000000080000000,0x00000000859df808,0x000000008c000000)
 Metaspace       used 112302K, capacity 118184K, committed 118296K, reserved 1153024K
  class space    used 14415K, capacity 15564K, committed 15664K, reserved 1048576K
Event: 2905.211 GC heap after
Heap after GC invocations=29 (full 4):
 PSYoungGen      total 489472K, used 22585K [0x00000000d5580000, 0x00000000f9080000, 0x0000000100000000)
  eden space 458240K, 0% used [0x00000000d5580000,0x00000000d5580000,0x00000000f1500000)
  from space 31232K, 72% used [0x00000000f1500000,0x00000000f2b0e520,0x00000000f3380000)
  to   space 33280K, 0% used [0x00000000f7000000,0x00000000f7000000,0x00000000f9080000)
 ParOldGen       total 196608K, used 92038K [0x0000000080000000, 0x000000008c000000, 0x00000000d5580000)
  object space 196608K, 46% used [0x0000000080000000,0x00000000859e1808,0x000000008c000000)
 Metaspace       used 112302K, capacity 118184K, committed 118296K, reserved 1153024K
  class space    used 14415K, capacity 15564K, committed 15664K, reserved 1048576K
}
Event: 2906.518 GC heap before
{Heap before GC invocations=30 (full 4):
 PSYoungGen      total 489472K, used 480825K [0x00000000d5580000, 0x00000000f9080000, 0x0000000100000000)
  eden space 458240K, 100% used [0x00000000d5580000,0x00000000f1500000,0x00000000f1500000)
  from space 31232K, 72% used [0x00000000f1500000,0x00000000f2b0e520,0x00000000f3380000)
  to   space 33280K, 0% used [0x00000000f7000000,0x00000000f7000000,0x00000000f9080000)
 ParOldGen       total 196608K, used 92038K [0x0000000080000000, 0x000000008c000000, 0x00000000d5580000)
  object space 196608K, 46% used [0x0000000080000000,0x00000000859e1808,0x000000008c000000)
 Metaspace       used 112366K, capacity 118320K, committed 118552K, reserved 1153024K
  class space    used 14420K, capacity 15566K, committed 15664K, reserved 1048576K
Event: 2906.535 GC heap after
Heap after GC invocations=30 (full 4):
 PSYoungGen      total 549376K, used 17439K [0x00000000d5580000, 0x00000000f8f00000, 0x0000000100000000)
  eden space 517632K, 0% used [0x00000000d5580000,0x00000000d5580000,0x00000000f4f00000)
  from space 31744K, 54% used [0x00000000f7000000,0x00000000f8107c28,0x00000000f8f00000)
  to   space 32768K, 0% used [0x00000000f4f00000,0x00000000f4f00000,0x00000000f6f00000)
 ParOldGen       total 196608K, used 92046K [0x0000000080000000, 0x000000008c000000, 0x00000000d5580000)
  object space 196608K, 46% used [0x0000000080000000,0x00000000859e3808,0x000000008c000000)
 Metaspace       used 112366K, capacity 118320K, committed 118552K, reserved 1153024K
  class space    used 14420K, capacity 15566K, committed 15664K, reserved 1048576K
}
Event: 5284.665 GC heap before
{Heap before GC invocations=31 (full 4):
 PSYoungGen      total 549376K, used 535071K [0x00000000d5580000, 0x00000000f8f00000, 0x0000000100000000)
  eden space 517632K, 100% used [0x00000000d5580000,0x00000000f4f00000,0x00000000f4f00000)
  from space 31744K, 54% used [0x00000000f7000000,0x00000000f8107c28,0x00000000f8f00000)
  to   space 32768K, 0% used [0x00000000f4f00000,0x00000000f4f00000,0x00000000f6f00000)
 ParOldGen       total 196608K, used 92046K [0x0000000080000000, 0x000000008c000000, 0x00000000d5580000)
  object space 196608K, 46% used [0x0000000080000000,0x00000000859e3808,0x000000008c000000)
 Metaspace       used 117318K, capacity 124416K, committed 124568K, reserved 1157120K
  class space    used 15072K, capacity 16447K, committed 16560K, reserved 1048576K
Event: 5284.688 GC heap after
Heap after GC invocations=31 (full 4):
 PSYoungGen      total 550400K, used 18515K [0x00000000d5580000, 0x00000000f8f00000, 0x0000000100000000)
  eden space 517632K, 0% used [0x00000000d5580000,0x00000000d5580000,0x00000000f4f00000)
  from space 32768K, 56% used [0x00000000f4f00000,0x00000000f6114fe0,0x00000000f6f00000)
  to   space 31744K, 0% used [0x00000000f7000000,0x00000000f7000000,0x00000000f8f00000)
 ParOldGen       total 196608K, used 92054K [0x0000000080000000, 0x000000008c000000, 0x00000000d5580000)
  object space 196608K, 46% used [0x0000000080000000,0x00000000859e5808,0x000000008c000000)
 Metaspace       used 117318K, capacity 124416K, committed 124568K, reserved 1157120K
  class space    used 15072K, capacity 16447K, committed 16560K, reserved 1048576K
}

